ISim log file
Running: E:\ISEProject\MyCPU\phase1Test_isim_beh.exe -intstyle ise -gui -tclbatch isim.cmd -wdb E:/ISEProject/MyCPU/phase1Test_isim_beh.wdb 
ISim O.40d (signature 0xc4ca3437)
----------------------------------------------------------------------
WARNING:Security:42 - Your software subscription period has lapsed. Your current version of Xilinx tools will continue to function, but you no longer qualify for Xilinx software updates or new releases.


----------------------------------------------------------------------
This is a Full version of ISim.
Time resolution is 1 ps
# onerror resume
# wave add /
# run 1000 ns
Simulator is doing circuit initialization process.
pc:      id_ir     :regA:regB:regC:da:dd:w:reC1: gr1: gr2: gr3
Finished circuit initialization process.
xx:xxxxxxxxxxxxxxxx:xxxx:xxxx:xxxx:zz:zz:z:xxxx:xxxx:xxxx:xxxx
00:0000000000000000:0000:0000:0000:zz:zz:z:0000:0000:0000:0000
01:0001000100000000:0000:0000:0000:zz:zz:z:0000:0000:0000:0000
02:0001001000000001:0000:0000:0000:zz:zz:z:0000:0000:0000:0000
03:0000000000000000:0000:0001:0000:zz:zz:z:0000:0000:0000:0000
04:0000000000000000:0000:0000:0001:zz:zz:z:3cab:0000:0000:0000
05:0000000000000000:0000:0000:0001:zz:zz:z:3c00:3cab:0000:0000
06:0101001100010010:0000:0000:0001:zz:zz:z:0001:3cab:3c00:0000
07:0000000000000000:3cab:3c00:0001:zz:zz:z:0001:3cab:3c00:0000
08:0000000000000000:0000:0000:00ab:zz:zz:z:0001:3cab:3c00:0000
09:0000000000000000:0000:0000:00ab:zz:zz:z:00ab:3cab:3c00:0000
0a:0001101100000010:0000:0000:00ab:zz:zz:z:00ab:3cab:3c00:00ab
0b:0000100000000000:0000:0002:00ab:zz:zz:z:00ab:3cab:3c00:00ab
0c:0000100000000000:0000:0000:0002:zz:zz:z:00ab:3cab:3c00:00ab
0d:0000100000000000:0000:0000:0002:zz:zz:z:0002:3cab:3c00:00ab
0e:0000100000000000:0000:0000:0002:zz:zz:z:0002:3cab:3c00:00ab
0f:0000100000000000:0000:0000:0002:zz:zz:z:0002:3cab:3c00:00ab
10:0000100000000000:0000:0000:0002:zz:zz:z:0002:3cab:3c00:00ab
11:0000100000000000:0000:0000:0002:zz:zz:z:0002:3cab:3c00:00ab
12:0000100000000000:0000:0000:0002:zz:zz:z:0002:3cab:3c00:00ab
13:0000100000000000:0000:0000:0002:zz:zz:z:0002:3cab:3c00:00ab
14:0000100000000000:0000:0000:0002:zz:zz:z:0002:3cab:3c00:00ab
15:0000100000000000:0000:0000:0002:zz:zz:z:0002:3cab:3c00:00ab
16:0000100000000000:0000:0000:0002:zz:zz:z:0002:3cab:3c00:00ab
17:0000100000000000:0000:0000:0002:zz:zz:z:0002:3cab:3c00:00ab
18:0000100000000000:0000:0000:0002:zz:zz:z:0002:3cab:3c00:00ab
19:0000100000000000:0000:0000:0002:zz:zz:z:0002:3cab:3c00:00ab
1a:0000100000000000:0000:0000:0002:zz:zz:z:0002:3cab:3c00:00ab
1b:0000100000000000:0000:0000:0002:zz:zz:z:0002:3cab:3c00:00ab
1c:0000100000000000:0000:0000:0002:zz:zz:z:0002:3cab:3c00:00ab
1d:0000100000000000:0000:0000:0002:zz:zz:z:0002:3cab:3c00:00ab
1e:0000100000000000:0000:0000:0002:zz:zz:z:0002:3cab:3c00:00ab
1f:0000100000000000:0000:0000:0002:zz:zz:z:0002:3cab:3c00:00ab
20:0000100000000000:0000:0000:0002:zz:zz:z:0002:3cab:3c00:00ab
21:0000100000000000:0000:0000:0002:zz:zz:z:0002:3cab:3c00:00ab
22:0000100000000000:0000:0000:0002:zz:zz:z:0002:3cab:3c00:00ab
23:0000100000000000:0000:0000:0002:zz:zz:z:0002:3cab:3c00:00ab
24:0000100000000000:0000:0000:0002:zz:zz:z:0002:3cab:3c00:00ab
25:0000100000000000:0000:0000:0002:zz:zz:z:0002:3cab:3c00:00ab
26:0000100000000000:0000:0000:0002:zz:zz:z:0002:3cab:3c00:00ab
27:0000100000000000:0000:0000:0002:zz:zz:z:0002:3cab:3c00:00ab
28:0000100000000000:0000:0000:0002:zz:zz:z:0002:3cab:3c00:00ab
29:0000100000000000:0000:0000:0002:zz:zz:z:0002:3cab:3c00:00ab
2a:0000100000000000:0000:0000:0002:zz:zz:z:0002:3cab:3c00:00ab
2b:0000100000000000:0000:0000:0002:zz:zz:z:0002:3cab:3c00:00ab
2c:0000100000000000:0000:0000:0002:zz:zz:z:0002:3cab:3c00:00ab
2d:0000100000000000:0000:0000:0002:zz:zz:z:0002:3cab:3c00:00ab
2e:0000100000000000:0000:0000:0002:zz:zz:z:0002:3cab:3c00:00ab
2f:0000100000000000:0000:0000:0002:zz:zz:z:0002:3cab:3c00:00ab
30:0000100000000000:0000:0000:0002:zz:zz:z:0002:3cab:3c00:00ab
31:0000100000000000:0000:0000:0002:zz:zz:z:0002:3cab:3c00:00ab
32:0000100000000000:0000:0000:0002:zz:zz:z:0002:3cab:3c00:00ab
33:0000100000000000:0000:0000:0002:zz:zz:z:0002:3cab:3c00:00ab
34:0000100000000000:0000:0000:0002:zz:zz:z:0002:3cab:3c00:00ab
35:0000100000000000:0000:0000:0002:zz:zz:z:0002:3cab:3c00:00ab
36:0000100000000000:0000:0000:0002:zz:zz:z:0002:3cab:3c00:00ab
37:0000100000000000:0000:0000:0002:zz:zz:z:0002:3cab:3c00:00ab
